<?xml version="1.0" encoding="UTF-8"?>
<testsuite name="service.CleanOilPatchServiceImplTest" tests="6" skipped="0" failures="0" errors="0" timestamp="2019-05-28T21:51:44" hostname="Xiaohans-MacBook-Pro.local" time="0.002">
  <properties/>
  <testcase name="test_starting_location_outside_boundary" classname="service.CleanOilPatchServiceImplTest" time="0.001"/>
  <testcase name="test_robot_outside_boundary" classname="service.CleanOilPatchServiceImplTest" time="0.0"/>
  <testcase name="test_pass_invalid_navigation_instruction" classname="service.CleanOilPatchServiceImplTest" time="0.0"/>
  <testcase name="test_valid_task" classname="service.CleanOilPatchServiceImplTest" time="0.001"/>
  <testcase name="test_pass_invalid_coordinates" classname="service.CleanOilPatchServiceImplTest" time="0.0"/>
  <testcase name="test_revisit_oil_patch" classname="service.CleanOilPatchServiceImplTest" time="0.0"/>
  <system-out><![CDATA[]]></system-out>
  <system-err><![CDATA[]]></system-err>
</testsuite>
